[12-Nov-2025 18:25:40 Europe/Berlin] Received comments: something
[12-Nov-2025 18:25:40 Europe/Berlin] Saving comment: something
[12-Nov-2025 18:31:16 Europe/Berlin] Received comments: Testing
New
Something
[12-Nov-2025 18:31:16 Europe/Berlin] Saving comment: Testing
New
Something
[12-Nov-2025 19:34:50 Europe/Berlin] Received comments: Re-design/Fix sizes
[12-Nov-2025 19:34:50 Europe/Berlin] Saving comment: Re-design/Fix sizes
[12-Nov-2025 20:06:49 Europe/Berlin] Received comments: Re-design/Fix sizes
[12-Nov-2025 20:06:49 Europe/Berlin] Saving comment: Re-design/Fix sizes
[12-Nov-2025 20:36:22 Europe/Berlin] Received comments: - Designs have been made and sent to contact
[12-Nov-2025 20:36:22 Europe/Berlin] Saving comment: - Designs have been made and sent to contact
[12-Nov-2025 20:53:19 Europe/Berlin] Received comments: 
[12-Nov-2025 20:53:19 Europe/Berlin] Saving comment: 
[12-Nov-2025 20:55:35 Europe/Berlin] Received comments: 
[12-Nov-2025 20:55:35 Europe/Berlin] Saving comment: 
[12-Nov-2025 20:55:48 Europe/Berlin] Received comments: 
[12-Nov-2025 20:55:48 Europe/Berlin] Saving comment: 
[12-Nov-2025 20:56:02 Europe/Berlin] Received comments: 
[12-Nov-2025 20:56:02 Europe/Berlin] Saving comment: 
[12-Nov-2025 20:58:59 Europe/Berlin] Received comments: - Designs have been sent
[12-Nov-2025 20:58:59 Europe/Berlin] Saving comment: - Designs have been sent
[12-Nov-2025 20:59:09 Europe/Berlin] Received comments: - Designs have been sent
[12-Nov-2025 20:59:09 Europe/Berlin] Saving comment: - Designs have been sent
